{"numTotalTestSuites":3,"numPassedTestSuites":1,"numFailedTestSuites":2,"numPendingTestSuites":0,"numTotalTests":17,"numPassedTests":15,"numFailedTests":2,"numPendingTests":0,"numTodoTests":0,"snapshot":{"added":0,"failure":false,"filesAdded":0,"filesRemoved":0,"filesRemovedList":[],"filesUnmatched":0,"filesUpdated":0,"matched":0,"total":0,"unchecked":0,"uncheckedKeysByFile":[],"unmatched":0,"updated":0,"didUpdate":false},"startTime":1786947676042,"success":false,"testResults":[{"assertionResults":[{"ancestorTitles":["project-linked community posts"],"fullName":"project-linked community posts uses the existing feed's project filter and parses score-ranked posts","status":"passed","title":"uses the existing feed's project filter and parses score-ranked posts","duration":3.9791510000000017,"failureMessages":[],"meta":{}},{"ancestorTitles":["project-linked community posts"],"fullName":"project-linked community posts uses and filters the original feed when extended filters are absent","status":"passed","title":"uses and filters the original feed when extended filters are absent","duration":0.9494210000000294,"failureMessages":[],"meta":{}},{"ancestorTitles":["project-linked community posts"],"fullName":"project-linked community posts falls back directly from an extended feed query to the original signature","status":"passed","title":"falls back directly from an extended feed query to the original signature","duration":0.4779530000000136,"failureMessages":[],"meta":{}},{"ancestorTitles":["project-linked community posts"],"fullName":"project-linked community posts does not hide non-schema failures behind a compatibility retry","status":"passed","title":"does not hide non-schema failures behind a compatibility retry","duration":1.317739999999958,"failureMessages":[],"meta":{}},{"ancestorTitles":["project-linked community posts"],"fullName":"project-linked community posts does not retry an unrelated schema-cache failure as a legacy feed","status":"passed","title":"does not retry an unrelated schema-cache failure as a legacy feed","duration":0.8707860000000096,"failureMessages":[],"meta":{}},{"ancestorTitles":["project-linked community posts"],"fullName":"project-linked community posts does not retry a differently named missing function with the same prefix","status":"passed","title":"does not retry a differently named missing function with the same prefix","duration":0.37362300000000914,"failureMessages":[],"meta":{}},{"ancestorTitles":["project-linked community posts"],"fullName":"project-linked community posts rejects an empty project ID before issuing an RPC","status":"passed","title":"rejects an empty project ID before issuing an RPC","duration":0.4219720000000393,"failureMessages":[],"meta":{}},{"ancestorTitles":["project-linked community posts"],"fullName":"project-linked community posts surfaces a genuinely missing base Community API","status":"passed","title":"surfaces a genuinely missing base Community API","duration":0.5039800000000128,"failureMessages":[],"meta":{}},{"ancestorTitles":["project-linked Community writes"],"fullName":"project-linked Community writes creates with the resident's explicit project choice and re-reads the canonical post","status":"failed","title":"creates with the resident's explicit project choice and re-reads the canonical post","duration":8.51502899999997,"failureMessages":["AssertionError: expected 1st \"spy\" call to have been called with [ 'create_community_post', { …(6) } ]\n    at /home/gauciv/Projects/Websites/civiclens/src/community/community-data.test.ts:221:17\n    at processTicksAndRejections (node:internal/process/task_queues:103:5)\n    at file:///home/gauciv/Projects/Websites/civiclens/node_modules/@vitest/runner/dist/index.js:533:5\n    at runTest (file:///home/gauciv/Projects/Websites/civiclens/node_modules/@vitest/runner/dist/index.js:1056:11)\n    at runSuite (file:///home/gauciv/Projects/Websites/civiclens/node_modules/@vitest/runner/dist/index.js:1205:15)\n    at runSuite (file:///home/gauciv/Projects/Websites/civiclens/node_modules/@vitest/runner/dist/index.js:1205:15)\n    at runFiles (file:///home/gauciv/Projects/Websites/civiclens/node_modules/@vitest/runner/dist/index.js:1262:5)\n    at startTests (file:///home/gauciv/Projects/Websites/civiclens/node_modules/@vitest/runner/dist/index.js:1271:3)\n    at file:///home/gauciv/Projects/Websites/civiclens/node_modules/vitest/dist/chunks/runBaseTests.3qpJUEJM.js:126:11\n    at withEnv (file:///home/gauciv/Projects/Websites/civiclens/node_modules/vitest/dist/chunks/runBaseTests.3qpJUEJM.js:90:5)"],"meta":{}},{"ancestorTitles":["project-linked Community writes"],"fullName":"project-linked Community writes uses the original create-post signature when newer arguments are unavailable","status":"failed","title":"uses the original create-post signature when newer arguments are unavailable","duration":1.5674439999999663,"failureMessages":["CommunitySchemaMissingError: Community discussion is not set up on this database yet. Apply the community migration to enable it.\n    at Object.createPost (/home/gauciv/Projects/Websites/civiclens/src/community/community-data.ts:547:17)\n    at processTicksAndRejections (node:internal/process/task_queues:103:5)\n    at /home/gauciv/Projects/Websites/civiclens/src/community/community-data.test.ts:254:21\n    at file:///home/gauciv/Projects/Websites/civiclens/node_modules/@vitest/runner/dist/index.js:533:5\n    at runTest (file:///home/gauciv/Projects/Websites/civiclens/node_modules/@vitest/runner/dist/index.js:1056:11)\n    at runSuite (file:///home/gauciv/Projects/Websites/civiclens/node_modules/@vitest/runner/dist/index.js:1205:15)\n    at runSuite (file:///home/gauciv/Projects/Websites/civiclens/node_modules/@vitest/runner/dist/index.js:1205:15)\n    at runFiles (file:///home/gauciv/Projects/Websites/civiclens/node_modules/@vitest/runner/dist/index.js:1262:5)\n    at startTests (file:///home/gauciv/Projects/Websites/civiclens/node_modules/@vitest/runner/dist/index.js:1271:3)\n    at file:///home/gauciv/Projects/Websites/civiclens/node_modules/vitest/dist/chunks/runBaseTests.3qpJUEJM.js:126:11"],"meta":{}},{"ancestorTitles":["project-linked Community writes"],"fullName":"project-linked Community writes does not retry a quota failure with the legacy create signature","status":"passed","title":"does not retry a quota failure with the legacy create signature","duration":0.5164670000000342,"failureMessages":[],"meta":{}},{"ancestorTitles":["project-linked Community writes"],"fullName":"project-linked Community writes does not retry a validation failure with the legacy create signature","status":"passed","title":"does not retry a validation failure with the legacy create signature","duration":0.4054570000000126,"failureMessages":[],"meta":{}},{"ancestorTitles":["project-linked Community writes"],"fullName":"project-linked Community writes delegates vote toggle semantics to the established post vote RPC","status":"passed","title":"delegates vote toggle semantics to the established post vote RPC","duration":0.7157129999999938,"failureMessages":[],"meta":{}},{"ancestorTitles":["project-linked Community writes"],"fullName":"project-linked Community writes rejects guest creation before issuing a write RPC","status":"passed","title":"rejects guest creation before issuing a write RPC","duration":0.37868200000002616,"failureMessages":[],"meta":{}},{"ancestorTitles":["project-linked Community writes"],"fullName":"project-linked Community writes carries the published post when media attachment fails after creation","status":"passed","title":"carries the published post when media attachment fails after creation","duration":1.2822700000000395,"failureMessages":[],"meta":{}},{"ancestorTitles":["project-linked Community writes"],"fullName":"project-linked Community writes carries the published post when its canonical re-read fails","status":"passed","title":"carries the published post when its canonical re-read fails","duration":0.47694799999999304,"failureMessages":[],"meta":{}},{"ancestorTitles":["project-linked Community writes"],"fullName":"project-linked Community writes treats a null canonical re-read as partial publication","status":"passed","title":"treats a null canonical re-read as partial publication","duration":0.32270500000004176,"failureMessages":[],"meta":{}}],"startTime":1786947676551,"endTime":1786947676575.3228,"status":"failed","message":"","name":"/home/gauciv/Projects/Websites/civiclens/src/community/community-data.test.ts"}]}